Log file open, 01/20/24 12:51:05
LogWindows: Failed to load 'aqProf.dll' (GetLastError=126)
LogWindows: File 'aqProf.dll' does not exist
LogProfilingDebugging: Loading WinPixEventRuntime.dll for PIX profiling (from ../../../Engine/Binaries/ThirdParty/Windows/WinPixEventRuntime/x64).
LogWindows: Failed to load '../../../Engine/Binaries/ThirdParty/Windows/WinPixEventRuntime/x64/WinPixEventRuntime.dll' (GetLastError=126)
LogWindows: File '../../../Engine/Binaries/ThirdParty/Windows/WinPixEventRuntime/x64/WinPixEventRuntime.dll' does not exist
LogProfilingDebugging: Error: Failed to get WinPixEventRuntime.dll handle: 系统找不到指定的路径。 (3)
LogWindows: Failed to load 'VSPerf160.dll' (GetLastError=126)
LogWindows: File 'VSPerf160.dll' does not exist
LogWindows: Failed to load 'VtuneApi.dll' (GetLastError=126)
LogWindows: File 'VtuneApi.dll' does not exist
LogWindows: Failed to load 'VtuneApi32e.dll' (GetLastError=126)
LogWindows: File 'VtuneApi32e.dll' does not exist
LogPlatformFile: Not using cached read wrapper
LogICUInternationalization: ICU TimeZone Detection - Raw Offset: +8:00, Platform Override: ''
LogInit: Session CrashGUID >====================================================
         Session CrashGUID >   UECC-Windows-0C203ADB4E3C86E29B3147826B3D8AE5
         Session CrashGUID >====================================================
LogWindows: Failed to load '../../../Engine/Binaries/ThirdParty/DbgHelp/dbghelp.dll' (GetLastError=126)
LogWindows: File '../../../Engine/Binaries/ThirdParty/DbgHelp/dbghelp.dll' does not exist
LogInit: Build: ++UE5+Release-5.0-CL-0
LogInit: Engine Version: 5.0.3-0+++UE5+Release-5.0
LogInit: Compatible Engine Version: 5.0.0-0+++UE5+Release-5.0
LogInit: Net CL: 0
LogInit: OS: Windows 10 (22H2) [10.0.19045.3930] (), CPU: 13th Gen Intel(R) Core(TM) i9-13900KF, GPU: NVIDIA GeForce RTX 4090
LogInit: Compiled (64-bit): Nov 23 2022 18:08:34
LogInit: Compiled with Visual C++: 19.29.30141.00
LogInit: Build Configuration: Development
LogInit: Branch Name: ++UE5+Release-5.0
LogInit: Command Line: -CompressPath=D:\UnrealEngine-5.3\Engine\Plugins\RENZHAI_PLUGIN\SimpleProtobuf\Content\google.rz -OutPutProtobufPath=G:\DigitalHuman\Source
LogInit: Base Directory: D:/UnrealEngine-5.3/Engine/Plugins/RENZHAI_PLUGIN/SimpleProtobuf/Content/Engine/Binaries/Win64/
LogInit: Allocator: Mimalloc
LogInit: Installed Engine Build: 0
LogDevObjectVersion: Number of dev versions registered: 34
LogDevObjectVersion:   Dev-Blueprints (B0D832E4-1F89-4F0D-ACCF-7EB736FD4AA2): 10
LogDevObjectVersion:   Dev-Build (E1C64328-A22C-4D53-A36C-8E866417BD8C): 0
LogDevObjectVersion:   Dev-Core (375EC13C-06E4-48FB-B500-84F0262A717E): 4
LogDevObjectVersion:   Dev-Editor (E4B068ED-F494-42E9-A231-DA0B2E46BB41): 40
LogDevObjectVersion:   Dev-Framework (CFFC743F-43B0-4480-9391-14DF171D2073): 37
LogDevObjectVersion:   Dev-Mobile (B02B49B5-BB20-44E9-A304-32B752E40360): 3
LogDevObjectVersion:   Dev-Networking (A4E4105C-59A1-49B5-A7C5-40C4547EDFEE): 0
LogDevObjectVersion:   Dev-Online (39C831C9-5AE6-47DC-9A44-9C173E1C8E7C): 0
LogDevObjectVersion:   Dev-Physics (78F01B33-EBEA-4F98-B9B4-84EACCB95AA2): 20
LogDevObjectVersion:   Dev-Platform (6631380F-2D4D-43E0-8009-CF276956A95A): 0
LogDevObjectVersion:   Dev-Rendering (12F88B9F-8875-4AFC-A67C-D90C383ABD29): 45
LogDevObjectVersion:   Dev-Sequencer (7B5AE74C-D270-4C10-A958-57980B212A5A): 13
LogDevObjectVersion:   Dev-VR (D7296918-1DD6-4BDD-9DE2-64A83CC13884): 3
LogDevObjectVersion:   Dev-LoadTimes (C2A15278-BFE7-4AFE-6C17-90FF531DF755): 1
LogDevObjectVersion:   Private-Geometry (6EACA3D4-40EC-4CC1-B786-8BED09428FC5): 3
LogDevObjectVersion:   Dev-AnimPhys (29E575DD-E0A3-4627-9D10-D276232CDCEA): 17
LogDevObjectVersion:   Dev-Anim (AF43A65D-7FD3-4947-9873-3E8ED9C1BB05): 15
LogDevObjectVersion:   Dev-ReflectionCapture (6B266CEC-1EC7-4B8F-A30B-E4D90942FC07): 1
LogDevObjectVersion:   Dev-Automation (0DF73D61-A23F-47EA-B727-89E90C41499A): 1
LogDevObjectVersion:   FortniteMain (601D1886-AC64-4F84-AA16-D3DE0DEAC7D6): 59
LogDevObjectVersion:   FortniteRelease (E7086368-6B23-4C58-8439-1B7016265E91): 3
LogDevObjectVersion:   Dev-Enterprise (9DFFBCD6-494F-0158-E221-12823C92A888): 10
LogDevObjectVersion:   Dev-Niagara (F2AED0AC-9AFE-416F-8664-AA7FFA26D6FC): 1
LogDevObjectVersion:   Dev-Destruction (174F1F0B-B4C6-45A5-B13F-2EE8D0FB917D): 10
LogDevObjectVersion:   Dev-Physics-Ext (35F94A83-E258-406C-A318-09F59610247C): 41
LogDevObjectVersion:   Dev-PhysicsMaterial-Chaos (B68FC16E-8B1B-42E2-B453-215C058844FE): 1
LogDevObjectVersion:   Dev-CineCamera (B2E18506-4273-CFC2-A54E-F4BB758BBA07): 1
LogDevObjectVersion:   Dev-VirtualProduction (64F58936-FD1B-42BA-BA96-7289D5D0FA4E): 1
LogDevObjectVersion:   UE5-Main (697DD581-E64F-41AB-AA4A-51ECBEB7B628): 59
LogDevObjectVersion:   UE5-Release (D89B5E42-24BD-4D46-8412-ACA8DF641779): 36
LogDevObjectVersion:   UE5-PrivateFrosty (59DA5D52-1232-4948-B878-597870B8E98B): 8
LogDevObjectVersion:   UE5-Dev-Cooker (26075A32-730F-4708-88E9-8C32F1599D05): 0
LogDevObjectVersion:   Dev-MediaFramework (6F0ED827-A609-4895-9C91-998D90180EA4): 2
LogDevObjectVersion:   UE5-Dev-LWCRendering (30D58BE3-95EA-4282-A6E3-B159D8EBB06A): 1
LogInit: Presizing for max 100000 objects, including 0 objects not considered by GC, pre-allocating 0 bytes for permanent pool.
LogInit: Object subsystem initialized
LogConfig: Applying CVar settings from Section [Startup] File [../../../Engine/Config/ConsoleVariables.ini]
LogConfig: Applying CVar settings from Section [ConsoleVariables] File [Engine]
LogInit: Computer: WIN-20230629LEN
LogInit: User: Administrator
LogInit: CPU Page size=4096, Cores=24
LogInit: High frequency timer resolution =10.000000 MHz
LogMemory: Memory total: Physical=127.9GB (128GB approx)
LogMemory: Platform Memory Stats for WindowsEditor
LogMemory: Process Physical Memory: 62.61 MB used, 62.61 MB peak
LogMemory: Process Virtual Memory: 102.07 MB used, 102.07 MB peak
LogMemory: Physical Memory: 33775.99 MB used,  97153.77 MB free, 130929.77 MB total
LogMemory: Virtual Memory: 48329.66 MB used,  102056.11 MB free, 150385.77 MB total
LogUObjectArray: 230 objects as part of root set at end of initial load.
LogUObjectAllocator: 37176 out of 0 bytes used by permanent object pool.
LogUObjectArray: CloseDisregardForGC: 0/0 objects in disregard for GC pool
LogPaths: Warning: No paths for game localization data were specifed in the game configuration.
LogInit: Using OS detected language (zh-CN).
LogInit: Using OS detected locale (zh-CN).
LogInit: Warning: No paths for engine localization data were specifed in the engine configuration.
LogTextLocalizationManager: No localization for 'zh-CN' exists, so 'en' will be used for the language.
LogTextLocalizationManager: No localization for 'zh-CN' exists, so 'en' will be used for the locale.
LogInit: Using OS detected language (zh-CN).
LogInit: Using OS detected locale (zh-CN).
LogTextLocalizationManager: No localization for 'zh-CN' exists, so 'en' will be used for the language.
LogTextLocalizationManager: No localization for 'zh-CN' exists, so 'en' will be used for the locale.
LogPackageLocalizationCache: Processed 2 localized package path(s) for 1 prioritized culture(s) in 0.000080 seconds
LogProtobufProgram: Display: Compress path = D:\UnrealEngine-5.3\Engine\Plugins\RENZHAI_PLUGIN\SimpleProtobuf\Content\google.rz
LogProtobufProgram: Display: Compress path = D:\UnrealEngine-5.3\Engine\Plugins\RENZHAI_PLUGIN\SimpleProtobuf\Content\google.rz
LogSimpleZip: Display: rz:D:\UnrealEngine-5.3\Engine\Plugins\RENZHAI_PLUGIN\SimpleProtobuf\Content\google.rz
LogSimpleZip: Display: Bytes Number:1002196
LogSimpleZip: Display: zsig:D:\UnrealEngine-5.3\Engine\Plugins\RENZHAI_PLUGIN\SimpleProtobuf\Content\google.rzsig
LogSimpleZip: Display: String Number:420
LogSimpleZip: Display: SavePath:G:\DigitalHuman\Source/google/protobuf/any.cc
LogSimpleZip: Display: SavePath:G:\DigitalHuman\Source/google/protobuf/any.h
LogSimpleZip: Display: SavePath:G:\DigitalHuman\Source/google/protobuf/any.pb.cc
LogSimpleZip: Display: SavePath:G:\DigitalHuman\Source/google/protobuf/any.pb.h
LogSimpleZip: Display: SavePath:G:\DigitalHuman\Source/google/protobuf/api.pb.cc
LogSimpleZip: Display: SavePath:G:\DigitalHuman\Source/google/protobuf/api.pb.h
LogSimpleZip: Display: SavePath:G:\DigitalHuman\Source/google/protobuf/arena.cc
LogSimpleZip: Display: SavePath:G:\DigitalHuman\Source/google/protobuf/arena.h
LogSimpleZip: Display: SavePath:G:\DigitalHuman\Source/google/protobuf/arenastring.cc
LogSimpleZip: Display: SavePath:G:\DigitalHuman\Source/google/protobuf/arenastring.h
LogSimpleZip: Display: SavePath:G:\DigitalHuman\Source/google/protobuf/arena_impl.h
LogSimpleZip: Display: SavePath:G:\DigitalHuman\Source/google/protobuf/descriptor.cc
LogSimpleZip: Display: SavePath:G:\DigitalHuman\Source/google/protobuf/descriptor.h
LogSimpleZip: Display: SavePath:G:\DigitalHuman\Source/google/protobuf/descriptor.pb.cc
LogSimpleZip: Display: SavePath:G:\DigitalHuman\Source/google/protobuf/descriptor.pb.h
LogSimpleZip: Display: SavePath:G:\DigitalHuman\Source/google/protobuf/descriptor_database.cc
LogSimpleZip: Display: SavePath:G:\DigitalHuman\Source/google/protobuf/descriptor_database.h
LogSimpleZip: Display: SavePath:G:\DigitalHuman\Source/google/protobuf/duration.pb.cc
LogSimpleZip: Display: SavePath:G:\DigitalHuman\Source/google/protobuf/duration.pb.h
LogSimpleZip: Display: SavePath:G:\DigitalHuman\Source/google/protobuf/dynamic_message.cc
LogSimpleZip: Display: SavePath:G:\DigitalHuman\Source/google/protobuf/dynamic_message.h
LogSimpleZip: Display: SavePath:G:\DigitalHuman\Source/google/protobuf/empty.pb.cc
LogSimpleZip: Display: SavePath:G:\DigitalHuman\Source/google/protobuf/empty.pb.h
LogSimpleZip: Display: SavePath:G:\DigitalHuman\Source/google/protobuf/extension_set.cc
LogSimpleZip: Display: SavePath:G:\DigitalHuman\Source/google/protobuf/extension_set.h
LogSimpleZip: Display: SavePath:G:\DigitalHuman\Source/google/protobuf/extension_set_heavy.cc
LogSimpleZip: Display: SavePath:G:\DigitalHuman\Source/google/protobuf/field_mask.pb.cc
LogSimpleZip: Display: SavePath:G:\DigitalHuman\Source/google/protobuf/field_mask.pb.h
LogSimpleZip: Display: SavePath:G:\DigitalHuman\Source/google/protobuf/generated_enum_reflection.h
LogSimpleZip: Display: SavePath:G:\DigitalHuman\Source/google/protobuf/generated_enum_util.h
LogSimpleZip: Display: SavePath:G:\DigitalHuman\Source/google/protobuf/generated_message_reflection.cc
LogSimpleZip: Display: SavePath:G:\DigitalHuman\Source/google/protobuf/generated_message_reflection.h
LogSimpleZip: Display: SavePath:G:\DigitalHuman\Source/google/protobuf/generated_message_table_driven.cc
LogSimpleZip: Display: SavePath:G:\DigitalHuman\Source/google/protobuf/generated_message_table_driven.h
LogSimpleZip: Display: SavePath:G:\DigitalHuman\Source/google/protobuf/generated_message_table_driven_lite.cc
LogSimpleZip: Display: SavePath:G:\DigitalHuman\Source/google/protobuf/generated_message_table_driven_lite.h
LogSimpleZip: Display: SavePath:G:\DigitalHuman\Source/google/protobuf/generated_message_util.cc
LogSimpleZip: Display: SavePath:G:\DigitalHuman\Source/google/protobuf/generated_message_util.h
LogSimpleZip: Display: SavePath:G:\DigitalHuman\Source/google/protobuf/has_bits.h
LogSimpleZip: Display: SavePath:G:\DigitalHuman\Source/google/protobuf/map.h
LogSimpleZip: Display: SavePath:G:\DigitalHuman\Source/google/protobuf/map_entry.h
LogSimpleZip: Display: SavePath:G:\DigitalHuman\Source/google/protobuf/map_entry_lite.h
LogSimpleZip: Display: SavePath:G:\DigitalHuman\Source/google/protobuf/map_field.cc
LogSimpleZip: Display: SavePath:G:\DigitalHuman\Source/google/protobuf/map_field.h
LogSimpleZip: Display: SavePath:G:\DigitalHuman\Source/google/protobuf/map_field_inl.h
LogSimpleZip: Display: SavePath:G:\DigitalHuman\Source/google/protobuf/map_field_lite.h
LogSimpleZip: Display: SavePath:G:\DigitalHuman\Source/google/protobuf/map_type_handler.h
LogSimpleZip: Display: SavePath:G:\DigitalHuman\Source/google/protobuf/message.cc
LogSimpleZip: Display: SavePath:G:\DigitalHuman\Source/google/protobuf/message.h
LogSimpleZip: Display: SavePath:G:\DigitalHuman\Source/google/protobuf/message_lite.cc
LogSimpleZip: Display: SavePath:G:\DigitalHuman\Source/google/protobuf/message_lite.h
LogSimpleZip: Display: SavePath:G:\DigitalHuman\Source/google/protobuf/metadata.h
LogSimpleZip: Display: SavePath:G:\DigitalHuman\Source/google/protobuf/metadata_lite.h
LogSimpleZip: Display: SavePath:G:\DigitalHuman\Source/google/protobuf/reflection.h
LogSimpleZip: Display: SavePath:G:\DigitalHuman\Source/google/protobuf/reflection_internal.h
LogSimpleZip: Display: SavePath:G:\DigitalHuman\Source/google/protobuf/reflection_ops.cc
LogSimpleZip: Display: SavePath:G:\DigitalHuman\Source/google/protobuf/reflection_ops.h
LogSimpleZip: Display: SavePath:G:\DigitalHuman\Source/google/protobuf/repeated_field.cc
LogSimpleZip: Display: SavePath:G:\DigitalHuman\Source/google/protobuf/repeated_field.h
LogSimpleZip: Display: SavePath:G:\DigitalHuman\Source/google/protobuf/service.cc
LogSimpleZip: Display: SavePath:G:\DigitalHuman\Source/google/protobuf/service.h
LogSimpleZip: Display: SavePath:G:\DigitalHuman\Source/google/protobuf/source_context.pb.cc
LogSimpleZip: Display: SavePath:G:\DigitalHuman\Source/google/protobuf/source_context.pb.h
LogSimpleZip: Display: SavePath:G:\DigitalHuman\Source/google/protobuf/struct.pb.cc
LogSimpleZip: Display: SavePath:G:\DigitalHuman\Source/google/protobuf/struct.pb.h
LogSimpleZip: Display: SavePath:G:\DigitalHuman\Source/google/protobuf/text_format.cc
LogSimpleZip: Display: SavePath:G:\DigitalHuman\Source/google/protobuf/text_format.h
LogSimpleZip: Display: SavePath:G:\DigitalHuman\Source/google/protobuf/timestamp.pb.cc
LogSimpleZip: Display: SavePath:G:\DigitalHuman\Source/google/protobuf/timestamp.pb.h
LogSimpleZip: Display: SavePath:G:\DigitalHuman\Source/google/protobuf/type.pb.cc
LogSimpleZip: Display: SavePath:G:\DigitalHuman\Source/google/protobuf/type.pb.h
LogSimpleZip: Display: SavePath:G:\DigitalHuman\Source/google/protobuf/unknown_field_set.cc
LogSimpleZip: Display: SavePath:G:\DigitalHuman\Source/google/protobuf/unknown_field_set.h
LogSimpleZip: Display: SavePath:G:\DigitalHuman\Source/google/protobuf/wire_format.cc
LogSimpleZip: Display: SavePath:G:\DigitalHuman\Source/google/protobuf/wire_format.h
LogSimpleZip: Display: SavePath:G:\DigitalHuman\Source/google/protobuf/wire_format_lite.cc
LogSimpleZip: Display: SavePath:G:\DigitalHuman\Source/google/protobuf/wire_format_lite.h
LogSimpleZip: Display: SavePath:G:\DigitalHuman\Source/google/protobuf/wire_format_lite_inl.h
LogSimpleZip: Display: SavePath:G:\DigitalHuman\Source/google/protobuf/wrappers.pb.cc
LogSimpleZip: Display: SavePath:G:\DigitalHuman\Source/google/protobuf/wrappers.pb.h
LogSimpleZip: Display: SavePath:G:\DigitalHuman\Source/google/protobuf/io/coded_stream.cc
LogSimpleZip: Display: SavePath:G:\DigitalHuman\Source/google/protobuf/io/coded_stream.h
LogSimpleZip: Display: SavePath:G:\DigitalHuman\Source/google/protobuf/io/coded_stream_inl.h
LogSimpleZip: Display: SavePath:G:\DigitalHuman\Source/google/protobuf/io/gzip_stream.cc
LogSimpleZip: Display: SavePath:G:\DigitalHuman\Source/google/protobuf/io/gzip_stream.h
LogSimpleZip: Display: SavePath:G:\DigitalHuman\Source/google/protobuf/io/printer.cc
LogSimpleZip: Display: SavePath:G:\DigitalHuman\Source/google/protobuf/io/printer.h
LogSimpleZip: Display: SavePath:G:\DigitalHuman\Source/google/protobuf/io/strtod.cc
LogSimpleZip: Display: SavePath:G:\DigitalHuman\Source/google/protobuf/io/strtod.h
LogSimpleZip: Display: SavePath:G:\DigitalHuman\Source/google/protobuf/io/tokenizer.cc
LogSimpleZip: Display: SavePath:G:\DigitalHuman\Source/google/protobuf/io/tokenizer.h
LogSimpleZip: Display: SavePath:G:\DigitalHuman\Source/google/protobuf/io/zero_copy_stream.cc
LogSimpleZip: Display: SavePath:G:\DigitalHuman\Source/google/protobuf/io/zero_copy_stream.h
LogSimpleZip: Display: SavePath:G:\DigitalHuman\Source/google/protobuf/io/zero_copy_stream_impl.cc
LogSimpleZip: Display: SavePath:G:\DigitalHuman\Source/google/protobuf/io/zero_copy_stream_impl.h
LogSimpleZip: Display: SavePath:G:\DigitalHuman\Source/google/protobuf/io/zero_copy_stream_impl_lite.cc
LogSimpleZip: Display: SavePath:G:\DigitalHuman\Source/google/protobuf/io/zero_copy_stream_impl_lite.h
LogSimpleZip: Display: SavePath:G:\DigitalHuman\Source/google/protobuf/compiler/importer.cc
LogSimpleZip: Display: SavePath:G:\DigitalHuman\Source/google/protobuf/compiler/importer.h
LogSimpleZip: Display: SavePath:G:\DigitalHuman\Source/google/protobuf/compiler/parser.cc
LogSimpleZip: Display: SavePath:G:\DigitalHuman\Source/google/protobuf/compiler/parser.h
LogSimpleZip: Display: SavePath:G:\DigitalHuman\Source/google/protobuf/stubs/atomicops.h
LogSimpleZip: Display: SavePath:G:\DigitalHuman\Source/google/protobuf/stubs/atomicops_internals_arm64_gcc.h
LogSimpleZip: Display: SavePath:G:\DigitalHuman\Source/google/protobuf/stubs/atomicops_internals_arm_gcc.h
LogSimpleZip: Display: SavePath:G:\DigitalHuman\Source/google/protobuf/stubs/atomicops_internals_arm_qnx.h
LogSimpleZip: Display: SavePath:G:\DigitalHuman\Source/google/protobuf/stubs/atomicops_internals_generic_c11_atomic.h
LogSimpleZip: Display: SavePath:G:\DigitalHuman\Source/google/protobuf/stubs/atomicops_internals_generic_gcc.h
LogSimpleZip: Display: SavePath:G:\DigitalHuman\Source/google/protobuf/stubs/atomicops_internals_mips_gcc.h
LogSimpleZip: Display: SavePath:G:\DigitalHuman\Source/google/protobuf/stubs/atomicops_internals_power.h
LogSimpleZip: Display: SavePath:G:\DigitalHuman\Source/google/protobuf/stubs/atomicops_internals_ppc_gcc.h
LogSimpleZip: Display: SavePath:G:\DigitalHuman\Source/google/protobuf/stubs/atomicops_internals_solaris.h
LogSimpleZip: Display: SavePath:G:\DigitalHuman\Source/google/protobuf/stubs/atomicops_internals_tsan.h
LogSimpleZip: Display: SavePath:G:\DigitalHuman\Source/google/protobuf/stubs/atomicops_internals_x86_gcc.cc
LogSimpleZip: Display: SavePath:G:\DigitalHuman\Source/google/protobuf/stubs/atomicops_internals_x86_gcc.h
LogSimpleZip: Display: SavePath:G:\DigitalHuman\Source/google/protobuf/stubs/atomicops_internals_x86_msvc.cc
LogSimpleZip: Display: SavePath:G:\DigitalHuman\Source/google/protobuf/stubs/atomicops_internals_x86_msvc.h
LogSimpleZip: Display: SavePath:G:\DigitalHuman\Source/google/protobuf/stubs/atomic_sequence_num.h
LogSimpleZip: Display: SavePath:G:\DigitalHuman\Source/google/protobuf/stubs/bytestream.cc
LogSimpleZip: Display: SavePath:G:\DigitalHuman\Source/google/protobuf/stubs/bytestream.h
LogSimpleZip: Display: SavePath:G:\DigitalHuman\Source/google/protobuf/stubs/callback.h
LogSimpleZip: Display: SavePath:G:\DigitalHuman\Source/google/protobuf/stubs/casts.h
LogSimpleZip: Display: SavePath:G:\DigitalHuman\Source/google/protobuf/stubs/common.cc
LogSimpleZip: Display: SavePath:G:\DigitalHuman\Source/google/protobuf/stubs/common.h
LogSimpleZip: Display: SavePath:G:\DigitalHuman\Source/google/protobuf/stubs/fastmem.h
LogSimpleZip: Display: SavePath:G:\DigitalHuman\Source/google/protobuf/stubs/hash.h
LogSimpleZip: Display: SavePath:G:\DigitalHuman\Source/google/protobuf/stubs/int128.cc
LogSimpleZip: Display: SavePath:G:\DigitalHuman\Source/google/protobuf/stubs/int128.h
LogSimpleZip: Display: SavePath:G:\DigitalHuman\Source/google/protobuf/stubs/io_win32.cc
LogSimpleZip: Display: SavePath:G:\DigitalHuman\Source/google/protobuf/stubs/io_win32.h
LogSimpleZip: Display: SavePath:G:\DigitalHuman\Source/google/protobuf/stubs/logging.h
LogSimpleZip: Display: SavePath:G:\DigitalHuman\Source/google/protobuf/util/delimited_message_util.cc
LogSimpleZip: Display: SavePath:G:\DigitalHuman\Source/google/protobuf/util/delimited_message_util.h
LogSimpleZip: Display: SavePath:G:\DigitalHuman\Source/google/protobuf/util/field_comparator.cc
LogSimpleZip: Display: SavePath:G:\DigitalHuman\Source/google/protobuf/util/field_comparator.h
LogSimpleZip: Display: SavePath:G:\DigitalHuman\Source/google/protobuf/util/field_mask_util.cc
LogSimpleZip: Display: SavePath:G:\DigitalHuman\Source/google/protobuf/stubs/macros.h
LogSimpleZip: Display: SavePath:G:\DigitalHuman\Source/google/protobuf/stubs/map_util.h
LogSimpleZip: Display: SavePath:G:\DigitalHuman\Source/google/protobuf/stubs/mathlimits.cc
LogSimpleZip: Display: SavePath:G:\DigitalHuman\Source/google/protobuf/util/field_mask_util.h
LogSimpleZip: Display: SavePath:G:\DigitalHuman\Source/google/protobuf/stubs/mathlimits.h
LogSimpleZip: Display: SavePath:G:\DigitalHuman\Source/google/protobuf/stubs/mathutil.h
LogSimpleZip: Display: SavePath:G:\DigitalHuman\Source/google/protobuf/stubs/mutex.h
LogSimpleZip: Display: SavePath:G:\DigitalHuman\Source/google/protobuf/stubs/once.cc
LogSimpleZip: Display: SavePath:G:\DigitalHuman\Source/google/protobuf/stubs/once.h
LogSimpleZip: Display: SavePath:G:\DigitalHuman\Source/google/protobuf/stubs/platform_macros.h
LogSimpleZip: Display: SavePath:G:\DigitalHuman\Source/google/protobuf/util/json_util.cc
LogSimpleZip: Display: SavePath:G:\DigitalHuman\Source/google/protobuf/stubs/port.h
LogSimpleZip: Display: SavePath:G:\DigitalHuman\Source/google/protobuf/util/json_util.h
LogSimpleZip: Display: SavePath:G:\DigitalHuman\Source/google/protobuf/stubs/scoped_ptr.h
LogSimpleZip: Display: SavePath:G:\DigitalHuman\Source/google/protobuf/util/message_differencer.cc
LogSimpleZip: Display: SavePath:G:\DigitalHuman\Source/google/protobuf/stubs/shared_ptr.h
LogSimpleZip: Display: SavePath:G:\DigitalHuman\Source/google/protobuf/util/message_differencer.h
LogSimpleZip: Display: SavePath:G:\DigitalHuman\Source/google/protobuf/stubs/singleton.h
LogSimpleZip: Display: SavePath:G:\DigitalHuman\Source/google/protobuf/util/time_util.cc
LogSimpleZip: Display: SavePath:G:\DigitalHuman\Source/google/protobuf/stubs/status.cc
LogSimpleZip: Display: SavePath:G:\DigitalHuman\Source/google/protobuf/util/time_util.h
LogSimpleZip: Display: SavePath:G:\DigitalHuman\Source/google/protobuf/stubs/status.h
LogSimpleZip: Display: SavePath:G:\DigitalHuman\Source/google/protobuf/util/type_resolver.h
LogSimpleZip: Display: SavePath:G:\DigitalHuman\Source/google/protobuf/stubs/statusor.cc
LogSimpleZip: Display: SavePath:G:\DigitalHuman\Source/google/protobuf/util/type_resolver_util.cc
LogSimpleZip: Display: SavePath:G:\DigitalHuman\Source/google/protobuf/stubs/statusor.h
LogSimpleZip: Display: SavePath:G:\DigitalHuman\Source/google/protobuf/util/type_resolver_util.h
LogSimpleZip: Display: SavePath:G:\DigitalHuman\Source/google/protobuf/stubs/status_macros.h
LogSimpleZip: Display: SavePath:G:\DigitalHuman\Source/google/protobuf/stubs/stl_util.h
LogSimpleZip: Display: SavePath:G:\DigitalHuman\Source/google/protobuf/stubs/stringpiece.cc
LogSimpleZip: Display: SavePath:G:\DigitalHuman\Source/google/protobuf/stubs/stringpiece.h
LogSimpleZip: Display: SavePath:G:\DigitalHuman\Source/google/protobuf/stubs/stringprintf.cc
LogSimpleZip: Display: SavePath:G:\DigitalHuman\Source/google/protobuf/stubs/stringprintf.h
LogSimpleZip: Display: SavePath:G:\DigitalHuman\Source/google/protobuf/stubs/structurally_valid.cc
LogSimpleZip: Display: SavePath:G:\DigitalHuman\Source/google/protobuf/stubs/strutil.cc
LogSimpleZip: Display: SavePath:G:\DigitalHuman\Source/google/protobuf/stubs/strutil.h
LogSimpleZip: Display: SavePath:G:\DigitalHuman\Source/google/protobuf/stubs/substitute.cc
LogSimpleZip: Display: SavePath:G:\DigitalHuman\Source/google/protobuf/stubs/substitute.h
LogSimpleZip: Display: SavePath:G:\DigitalHuman\Source/google/protobuf/stubs/template_util.h
LogSimpleZip: Display: SavePath:G:\DigitalHuman\Source/google/protobuf/stubs/time.cc
LogSimpleZip: Display: SavePath:G:\DigitalHuman\Source/google/protobuf/stubs/time.h
LogSimpleZip: Display: SavePath:G:\DigitalHuman\Source/google/protobuf/stubs/type_traits.h
LogSimpleZip: Display: SavePath:G:\DigitalHuman\Source/google/protobuf/util/internal/constants.h
LogSimpleZip: Display: SavePath:G:\DigitalHuman\Source/google/protobuf/util/internal/datapiece.cc
LogSimpleZip: Display: SavePath:G:\DigitalHuman\Source/google/protobuf/util/internal/datapiece.h
LogSimpleZip: Display: SavePath:G:\DigitalHuman\Source/google/protobuf/util/internal/default_value_objectwriter.cc
LogSimpleZip: Display: SavePath:G:\DigitalHuman\Source/google/protobuf/util/internal/default_value_objectwriter.h
LogSimpleZip: Display: SavePath:G:\DigitalHuman\Source/google/protobuf/util/internal/error_listener.cc
LogSimpleZip: Display: SavePath:G:\DigitalHuman\Source/google/protobuf/util/internal/error_listener.h
LogSimpleZip: Display: SavePath:G:\DigitalHuman\Source/google/protobuf/util/internal/field_mask_utility.cc
LogSimpleZip: Display: SavePath:G:\DigitalHuman\Source/google/protobuf/util/internal/field_mask_utility.h
LogSimpleZip: Display: SavePath:G:\DigitalHuman\Source/google/protobuf/util/internal/json_escaping.cc
LogSimpleZip: Display: SavePath:G:\DigitalHuman\Source/google/protobuf/util/internal/json_escaping.h
LogSimpleZip: Display: SavePath:G:\DigitalHuman\Source/google/protobuf/util/internal/json_objectwriter.cc
LogSimpleZip: Display: SavePath:G:\DigitalHuman\Source/google/protobuf/util/internal/json_objectwriter.h
LogSimpleZip: Display: SavePath:G:\DigitalHuman\Source/google/protobuf/util/internal/json_stream_parser.cc
LogSimpleZip: Display: SavePath:G:\DigitalHuman\Source/google/protobuf/util/internal/json_stream_parser.h
LogSimpleZip: Display: SavePath:G:\DigitalHuman\Source/google/protobuf/util/internal/location_tracker.h
LogSimpleZip: Display: SavePath:G:\DigitalHuman\Source/google/protobuf/util/internal/object_location_tracker.h
LogSimpleZip: Display: SavePath:G:\DigitalHuman\Source/google/protobuf/util/internal/object_source.h
LogSimpleZip: Display: SavePath:G:\DigitalHuman\Source/google/protobuf/util/internal/object_writer.cc
LogSimpleZip: Display: SavePath:G:\DigitalHuman\Source/google/protobuf/util/internal/object_writer.h
LogSimpleZip: Display: SavePath:G:\DigitalHuman\Source/google/protobuf/util/internal/protostream_objectsource.cc
LogSimpleZip: Display: SavePath:G:\DigitalHuman\Source/google/protobuf/util/internal/protostream_objectsource.h
LogSimpleZip: Display: SavePath:G:\DigitalHuman\Source/google/protobuf/util/internal/protostream_objectwriter.cc
LogSimpleZip: Display: SavePath:G:\DigitalHuman\Source/google/protobuf/util/internal/protostream_objectwriter.h
LogSimpleZip: Display: SavePath:G:\DigitalHuman\Source/google/protobuf/util/internal/proto_writer.cc
LogSimpleZip: Display: SavePath:G:\DigitalHuman\Source/google/protobuf/util/internal/proto_writer.h
LogSimpleZip: Display: SavePath:G:\DigitalHuman\Source/google/protobuf/util/internal/structured_objectwriter.h
LogSimpleZip: Display: SavePath:G:\DigitalHuman\Source/google/protobuf/util/internal/type_info.cc
LogSimpleZip: Display: SavePath:G:\DigitalHuman\Source/google/protobuf/util/internal/type_info.h
LogSimpleZip: Display: SavePath:G:\DigitalHuman\Source/google/protobuf/util/internal/type_info_test_helper.cc
LogSimpleZip: Display: SavePath:G:\DigitalHuman\Source/google/protobuf/util/internal/type_info_test_helper.h
LogSimpleZip: Display: SavePath:G:\DigitalHuman\Source/google/protobuf/util/internal/utility.cc
LogSimpleZip: Display: SavePath:G:\DigitalHuman\Source/google/protobuf/util/internal/utility.h
LogExit: Exiting.
Log file closed, 01/20/24 12:51:06
